$ ./yargs.ts --help
deno run

Commands:
  deno run main                                                        [default]
  deno run up
  deno run down <force> <timeout>

Options:
  --retry                                                           [default: 2]
  --dry-run                                                     [default: false]
  --web-url                                                    [default: "none"]
  --help     Show help                                                 [boolean]

$ ./yargs.ts
{
  command: "main",
  options: { retry: 2, dryRun: false, webUrl: "none" }
}

$ ./yargs.ts --retry 8 --dry-run --web-url=http
{
  command: "main",
  options: { retry: 8, dryRun: false, webUrl: "http" }
}

$ ./yargs.ts down true 40
{
  command: "down",
  options: { retry: 2, dryRun: false, webUrl: "none" },
  cmdArgs: { force: "true", timeout: 40 }
}

$ ./yargs.ts --retry 8 --dry-run --web-url=http down true 40
{
  command: "down",
  options: { retry: 8, dryRun: false, webUrl: "http" },
  cmdArgs: { force: "true", timeout: 40 }
}

$ ./yargs.ts --unk
<HELP>
...
...
Unknown argument: unk

$ ./yargs.ts unk
<HELP>
...
...
Unknown argument: unk
